<?xml version="1.0" encoding="UTF-8"?>
<!-- Generated by org.testng.reporters.JUnitReportReporter -->
<testsuite hostname="DESKTOP-9B9M95V" failures="0" tests="3" name="com.logmein.tests.CalculatorTest" time="9.490" errors="0" timestamp="2020-11-20T18:29:59 EST" skipped="0">
  <testcase classname="com.logmein.tests.CalculatorTest" name="invalidResultTest" time="1.220"/>
  <system-out>
2020-11-20 18:29:56 INFO  Calculator:82 - Navigate to - https://www.jsbin.com/hudape/1
<p> 2020-11-20 18:29:56 INFO  BasePage:30 - Looking for mandatory elements on the page
<p> 2020-11-20 18:29:57 INFO  Calculator:188 - Start to calculate the expression 6+7×8-/9
<p> 2020-11-20 18:29:57 INFO  Calculator:192 - Input Expression is the same as actual Expression
<p> 2020-11-20 18:29:57 INFO  Calculator:195 - the result is our expect
<p>  </system-out>
  <testcase classname="com.logmein.tests.CalculatorTest" name="infinityResultTest" time="6.294"/>
  <system-out>
2020-11-20 18:29:53 INFO  Calculator:82 - Navigate to - https://www.jsbin.com/hudape/1
<p> 2020-11-20 18:29:55 INFO  BasePage:30 - Looking for mandatory elements on the page
<p> 2020-11-20 18:29:56 INFO  Calculator:162 - Start to calculate the expression 6+7×8-9/0
<p> 2020-11-20 18:29:56 INFO  Calculator:166 - Input Expression is the same as actual Expression
<p> 2020-11-20 18:29:56 INFO  Calculator:169 - the result is our expect
<p>  </system-out>
  <testcase classname="com.logmein.tests.CalculatorTest" name="validResultTest" time="1.976"/>
  <system-out>
2020-11-20 18:29:57 INFO  Calculator:82 - Navigate to - https://www.jsbin.com/hudape/1
<p> 2020-11-20 18:29:58 INFO  BasePage:30 - Looking for mandatory elements on the page
<p> 2020-11-20 18:29:59 INFO  Calculator:107 - Start to calculate the expression 1+2×3-4/5
<p> 2020-11-20 18:29:59 INFO  Calculator:110 - Input Expression is the same as actual Expression
<p> 2020-11-20 18:29:59 INFO  Calculator:113 - the result is our expect
<p> 2020-11-20 18:29:59 INFO  Calculator:134 - Start to calculate the expression 6+7×8-0/9
<p> 2020-11-20 18:29:59 INFO  Calculator:138 - Input Expression is the same as actual Expression
<p> 2020-11-20 18:29:59 INFO  Calculator:141 - the result is our expect
<p>  </system-out>
</testsuite> <!-- com.logmein.tests.CalculatorTest -->
