<?xml version="1.0" encoding="UTF-8"?>
<!-- Generated by org.testng.reporters.JUnitReportReporter -->
<testsuite hostname="DESKTOP-9B9M95V" failures="0" tests="3" name="com.logmein.tests.CalculatorTest" time="9.114" errors="0" timestamp="2020-11-20T18:07:58 EST" skipped="0">
  <testcase classname="com.logmein.tests.CalculatorTest" name="invalidResultTest" time="1.246"/>
  <system-out>
2020-11-20 18:07:55 INFO  Calculator:82 - Navigate to - https://www.jsbin.com/hudape/1
<p> 2020-11-20 18:07:55 INFO  BasePage:30 - Looking for mandatory elements on the page
<p> 2020-11-20 18:07:56 INFO  Calculator:186 - Start to calculate the expression 6+7×8-/9
<p> 2020-11-20 18:07:56 INFO  Calculator:190 - Input Expression is the same as actual Expression
<p> 2020-11-20 18:07:56 INFO  Calculator:193 - the result is our expect
<p>  </system-out>
  <testcase classname="com.logmein.tests.CalculatorTest" name="infinityResultTest" time="5.908"/>
  <system-out>
2020-11-20 18:07:53 INFO  Calculator:82 - Navigate to - https://www.jsbin.com/hudape/1
<p> 2020-11-20 18:07:54 INFO  BasePage:30 - Looking for mandatory elements on the page
<p> 2020-11-20 18:07:55 INFO  Calculator:160 - Start to calculate the expression 6+7×8-9/0
<p> 2020-11-20 18:07:55 INFO  Calculator:164 - Input Expression is the same as actual Expression
<p> 2020-11-20 18:07:55 INFO  Calculator:167 - the result is our expect
<p>  </system-out>
  <testcase classname="com.logmein.tests.CalculatorTest" name="validResultTest" time="1.960"/>
  <system-out>
2020-11-20 18:07:56 INFO  Calculator:82 - Navigate to - https://www.jsbin.com/hudape/1
<p> 2020-11-20 18:07:56 INFO  BasePage:30 - Looking for mandatory elements on the page
<p> 2020-11-20 18:07:57 INFO  Calculator:107 - Start to calculate the expression 1+2×3-4/5
<p> 2020-11-20 18:07:57 INFO  Calculator:110 - Input Expression is the same as actual Expression
<p> 2020-11-20 18:07:57 INFO  Calculator:113 - the result is our expect
<p> 2020-11-20 18:07:58 INFO  Calculator:134 - Start to calculate the expression 6+7×8-0/9
<p> 2020-11-20 18:07:58 INFO  Calculator:138 - Input Expression is the same as actual Expression
<p> 2020-11-20 18:07:58 INFO  Calculator:141 - the result is our expect
<p>  </system-out>
</testsuite> <!-- com.logmein.tests.CalculatorTest -->
