<?xml version="1.0" encoding="UTF-8"?>
<!-- Generated by org.testng.reporters.JUnitReportReporter -->
<testsuite hostname="DESKTOP-9B9M95V" failures="0" tests="3" name="com.logmein.tests.CalculatorTest" time="10.134" errors="0" timestamp="2020-11-26T18:47:09 EST" skipped="0">
  <testcase classname="com.logmein.tests.CalculatorTest" name="invalidResultTest" time="1.189"/>
  <system-out>
2020-11-26 18:47:06 INFO  Calculator:57 - Navigate to - https://www.jsbin.com/hudape/1
<p> 2020-11-26 18:47:06 INFO  BasePage:30 - Looking for mandatory elements on the page
<p> 2020-11-26 18:47:07 INFO  Calculator:150 - Start to calculate the expression 6+7×8-/9
<p> 2020-11-26 18:47:07 INFO  Calculator:154 - Input Expression is the same as actual Expression
<p> 2020-11-26 18:47:07 INFO  Calculator:157 - the result is our expect
<p>  </system-out>
  <testcase classname="com.logmein.tests.CalculatorTest" name="infinityResultTest" time="7.415"/>
  <system-out>
2020-11-26 18:47:02 INFO  Calculator:57 - Navigate to - https://www.jsbin.com/hudape/1
<p> 2020-11-26 18:47:05 INFO  BasePage:30 - Looking for mandatory elements on the page
<p> 2020-11-26 18:47:06 INFO  Calculator:124 - Start to calculate the expression 6+7×8-9/0
<p> 2020-11-26 18:47:06 INFO  Calculator:128 - Input Expression is the same as actual Expression
<p> 2020-11-26 18:47:06 INFO  Calculator:131 - the result is our expect
<p>  </system-out>
  <testcase classname="com.logmein.tests.CalculatorTest" name="validResultTest" time="1.530"/>
  <system-out>
2020-11-26 18:47:07 INFO  Calculator:57 - Navigate to - https://www.jsbin.com/hudape/1
<p> 2020-11-26 18:47:08 INFO  BasePage:30 - Looking for mandatory elements on the page
<p> 2020-11-26 18:47:09 INFO  Calculator:98 - Start to calculate the expression 16+27×38-49/50
<p> 2020-11-26 18:47:09 INFO  Calculator:101 - Input Expression is the same as actual Expression
<p> 2020-11-26 18:47:09 INFO  Calculator:104 - the result is our expect
<p>  </system-out>
</testsuite> <!-- com.logmein.tests.CalculatorTest -->
